<?xml version="1.0" encoding="UTF-8"?>
<testsuite xmlns:xsi="http://www.w3.org/2001/XMLSchema-instance" xsi:noNamespaceSchemaLocation="https://maven.apache.org/surefire/maven-surefire-plugin/xsd/surefire-test-report-3.0.xsd" version="3.0" name="org.pucar.dristi.web.controllers.HearingApiControllerTest" time="0.109" tests="10" errors="0" skipped="0" failures="0">
  <properties>
[...]
</properties>
  <testcase name="testHearingV1UpdatePost_Success" classname="org.pucar.dristi.web.controllers.HearingApiControllerTest" time="0.062"/>
  <testcase name="testHearingV1ExistsPost_Success" classname="org.pucar.dristi.web.controllers.HearingApiControllerTest" time="0.004"/>
  <testcase name="witnessDepositionV1DownloadPdf_Success" classname="org.pucar.dristi.web.controllers.HearingApiControllerTest" time="0.024"/>
  <testcase name="hearingV1SearchPost_withPagination_Success" classname="org.pucar.dristi.web.controllers.HearingApiControllerTest" time="0.004"/>
  <testcase name="testHearingV1SearchPost_Success" classname="org.pucar.dristi.web.controllers.HearingApiControllerTest" time="0.002"/>
  <testcase name="witnessDepositionV1UploadPdf_Success" classname="org.pucar.dristi.web.controllers.HearingApiControllerTest" time="0.002"/>
  <testcase name="hearingV1UpdateTimePost_Success" classname="org.pucar.dristi.web.controllers.HearingApiControllerTest" time="0.002"/>
  <testcase name="testHearingV1UpdateTranscriptPost_Success" classname="org.pucar.dristi.web.controllers.HearingApiControllerTest" time="0.001"/>
  <testcase name="hearingV1UpdateTimePost_InvalidRequest" classname="org.pucar.dristi.web.controllers.HearingApiControllerTest" time="0.002"/>
  <testcase name="testHearingV1CreatePost_Success" classname="org.pucar.dristi.web.controllers.HearingApiControllerTest" time="0.002"/>
</testsuite>